<?xml version="1.0" encoding="UTF-8"?>
<coverage generated="1710114659105" clover="3.2.0">
  <project timestamp="1710114659105" name="All files">
    <metrics statements="71" coveredstatements="56" conditionals="20" coveredconditionals="19" methods="11" coveredmethods="6" elements="102" coveredelements="81" complexity="0" loc="71" ncloc="71" packages="2" files="3" classes="3"/>
    <package name="main">
      <metrics statements="9" coveredstatements="9" conditionals="6" coveredconditionals="6" methods="2" coveredmethods="2"/>
      <file name="userHelpers.js" path="C:\Users\miarm\Documents\projects\Anemone\src\main\userHelpers.js">
        <metrics statements="9" coveredstatements="9" conditionals="6" coveredconditionals="6" methods="2" coveredmethods="2"/>
        <line num="2" count="4" type="stmt"/>
        <line num="3" count="7" type="cond" truecount="2" falsecount="0"/>
        <line num="4" count="1" type="stmt"/>
        <line num="8" count="3" type="stmt"/>
        <line num="12" count="6" type="stmt"/>
        <line num="13" count="19" type="cond" truecount="4" falsecount="0"/>
        <line num="14" count="2" type="stmt"/>
        <line num="17" count="4" type="stmt"/>
        <line num="20" count="2" type="stmt"/>
      </file>
    </package>
    <package name="main.server">
      <metrics statements="62" coveredstatements="47" conditionals="14" coveredconditionals="13" methods="9" coveredmethods="4"/>
      <file name="index.js" path="C:\Users\miarm\Documents\projects\Anemone\src\main\server\index.js">
        <metrics statements="54" coveredstatements="45" conditionals="14" coveredconditionals="13" methods="8" coveredmethods="4"/>
        <line num="2" count="2" type="stmt"/>
        <line num="3" count="2" type="stmt"/>
        <line num="4" count="2" type="stmt"/>
        <line num="7" count="2" type="stmt"/>
        <line num="9" count="2" type="stmt"/>
        <line num="11" count="2" type="stmt"/>
        <line num="12" count="2" type="stmt"/>
        <line num="15" count="2" type="stmt"/>
        <line num="16" count="2" type="stmt"/>
        <line num="20" count="2" type="stmt"/>
        <line num="21" count="2" type="stmt"/>
        <line num="22" count="2" type="stmt"/>
        <line num="25" count="2" type="stmt"/>
        <line num="26" count="0" type="stmt"/>
        <line num="32" count="2" type="stmt"/>
        <line num="33" count="0" type="stmt"/>
        <line num="34" count="0" type="stmt"/>
        <line num="39" count="2" type="stmt"/>
        <line num="40" count="5" type="stmt"/>
        <line num="41" count="5" type="cond" truecount="4" falsecount="0"/>
        <line num="42" count="1" type="stmt"/>
        <line num="43" count="1" type="stmt"/>
        <line num="47" count="4" type="cond" truecount="2" falsecount="0"/>
        <line num="48" count="1" type="stmt"/>
        <line num="49" count="1" type="stmt"/>
        <line num="52" count="3" type="stmt"/>
        <line num="54" count="3" type="stmt"/>
        <line num="58" count="2" type="stmt"/>
        <line num="59" count="0" type="stmt"/>
        <line num="63" count="2" type="stmt"/>
        <line num="64" count="6" type="stmt"/>
        <line num="65" count="6" type="cond" truecount="3" falsecount="1"/>
        <line num="66" count="0" type="stmt"/>
        <line num="67" count="0" type="stmt"/>
        <line num="71" count="6" type="cond" truecount="2" falsecount="0"/>
        <line num="72" count="2" type="stmt"/>
        <line num="73" count="2" type="stmt"/>
        <line num="75" count="4" type="stmt"/>
        <line num="76" count="4" type="stmt"/>
        <line num="80" count="2" type="stmt"/>
        <line num="81" count="3" type="stmt"/>
        <line num="83" count="3" type="stmt"/>
        <line num="84" count="9" type="cond" truecount="2" falsecount="0"/>
        <line num="85" count="2" type="stmt"/>
        <line num="86" count="2" type="stmt"/>
        <line num="90" count="3" type="stmt"/>
        <line num="95" count="2" type="stmt"/>
        <line num="96" count="0" type="stmt"/>
        <line num="97" count="0" type="stmt"/>
        <line num="98" count="0" type="stmt"/>
        <line num="102" count="2" type="stmt"/>
        <line num="103" count="2" type="stmt"/>
        <line num="104" count="2" type="stmt"/>
        <line num="108" count="2" type="stmt"/>
      </file>
      <file name="invoiceUpload.js" path="C:\Users\miarm\Documents\projects\Anemone\src\main\server\invoiceUpload.js">
        <metrics statements="8" coveredstatements="2" conditionals="0" coveredconditionals="0" methods="1" coveredmethods="0"/>
        <line num="1" count="2" type="stmt"/>
        <line num="6" count="0" type="stmt"/>
        <line num="8" count="0" type="stmt"/>
        <line num="9" count="0" type="stmt"/>
        <line num="11" count="0" type="stmt"/>
        <line num="13" count="0" type="stmt"/>
        <line num="16" count="0" type="stmt"/>
        <line num="19" count="2" type="stmt"/>
      </file>
    </package>
  </project>
</coverage>
