{"C:\\Users\\godai\\Documents\\GitHub\\Anemone\\src\\main\\server\\index.js": {"path":"C:\\Users\\godai\\Documents\\GitHub\\Anemone\\src\\main\\server\\index.js","statementMap":{"0":{"start":{"line":2,"column":16},"end":{"line":2,"column":34}},"1":{"start":{"line":3,"column":19},"end":{"line":3,"column":41}},"2":{"start":{"line":4,"column":13},"end":{"line":4,"column":28}},"3":{"start":{"line":6,"column":19},"end":{"line":6,"column":48}},"4":{"start":{"line":9,"column":12},"end":{"line":9,"column":21}},"5":{"start":{"line":11,"column":11},"end":{"line":11,"column":24}},"6":{"start":{"line":13,"column":14},"end":{"line":13,"column":82}},"7":{"start":{"line":14,"column":17},"end":{"line":14,"column":88}},"8":{"start":{"line":18,"column":0},"end":{"line":18,"column":27}},"9":{"start":{"line":19,"column":0},"end":{"line":19,"column":51}},"10":{"start":{"line":20,"column":0},"end":{"line":20,"column":68}},"11":{"start":{"line":23,"column":0},"end":{"line":27,"column":3}},"12":{"start":{"line":24,"column":4},"end":{"line":26,"column":5}},"13":{"start":{"line":30,"column":0},"end":{"line":33,"column":3}},"14":{"start":{"line":31,"column":21},"end":{"line":31,"column":77}},"15":{"start":{"line":32,"column":4},"end":{"line":32,"column":27}},"16":{"start":{"line":36,"column":0},"end":{"line":56,"column":3}},"17":{"start":{"line":37,"column":35},"end":{"line":37,"column":43}},"18":{"start":{"line":38,"column":4},"end":{"line":41,"column":5}},"19":{"start":{"line":39,"column":8},"end":{"line":39,"column":67}},"20":{"start":{"line":40,"column":8},"end":{"line":40,"column":15}},"21":{"start":{"line":44,"column":4},"end":{"line":49,"column":5}},"22":{"start":{"line":45,"column":8},"end":{"line":48,"column":9}},"23":{"start":{"line":46,"column":12},"end":{"line":46,"column":60}},"24":{"start":{"line":47,"column":12},"end":{"line":47,"column":19}},"25":{"start":{"line":51,"column":4},"end":{"line":51,"column":61}},"26":{"start":{"line":52,"column":4},"end":{"line":52,"column":39}},"27":{"start":{"line":55,"column":4},"end":{"line":55,"column":27}},"28":{"start":{"line":59,"column":0},"end":{"line":61,"column":3}},"29":{"start":{"line":60,"column":4},"end":{"line":60,"column":72}},"30":{"start":{"line":67,"column":0},"end":{"line":85,"column":3}},"31":{"start":{"line":68,"column":35},"end":{"line":68,"column":43}},"32":{"start":{"line":69,"column":4},"end":{"line":72,"column":5}},"33":{"start":{"line":70,"column":8},"end":{"line":70,"column":67}},"34":{"start":{"line":71,"column":8},"end":{"line":71,"column":15}},"35":{"start":{"line":76,"column":4},"end":{"line":80,"column":5}},"36":{"start":{"line":77,"column":8},"end":{"line":79,"column":9}},"37":{"start":{"line":78,"column":12},"end":{"line":78,"column":34}},"38":{"start":{"line":82,"column":4},"end":{"line":82,"column":57}},"39":{"start":{"line":84,"column":4},"end":{"line":84,"column":11}},"40":{"start":{"line":87,"column":0},"end":{"line":90,"column":3}},"41":{"start":{"line":88,"column":21},"end":{"line":88,"column":73}},"42":{"start":{"line":89,"column":4},"end":{"line":89,"column":27}},"43":{"start":{"line":94,"column":0},"end":{"line":106,"column":3}},"44":{"start":{"line":95,"column":26},"end":{"line":95,"column":36}},"45":{"start":{"line":97,"column":4},"end":{"line":102,"column":5}},"46":{"start":{"line":98,"column":8},"end":{"line":101,"column":9}},"47":{"start":{"line":99,"column":12},"end":{"line":99,"column":30}},"48":{"start":{"line":100,"column":12},"end":{"line":100,"column":18}},"49":{"start":{"line":104,"column":4},"end":{"line":104,"column":46}},"50":{"start":{"line":109,"column":0},"end":{"line":121,"column":3}},"51":{"start":{"line":110,"column":21},"end":{"line":110,"column":29}},"52":{"start":{"line":111,"column":4},"end":{"line":111,"column":22}},"53":{"start":{"line":113,"column":4},"end":{"line":120,"column":5}},"54":{"start":{"line":114,"column":25},"end":{"line":114,"column":52}},"55":{"start":{"line":115,"column":8},"end":{"line":115,"column":29}},"56":{"start":{"line":116,"column":8},"end":{"line":116,"column":34}},"57":{"start":{"line":119,"column":8},"end":{"line":119,"column":78}},"58":{"start":{"line":124,"column":13},"end":{"line":124,"column":17}},"59":{"start":{"line":125,"column":15},"end":{"line":127,"column":2}},"60":{"start":{"line":126,"column":4},"end":{"line":126,"column":53}},"61":{"start":{"line":130,"column":0},"end":{"line":130,"column":24}}},"fnMap":{"0":{"name":"(anonymous_0)","decl":{"start":{"line":23,"column":13},"end":{"line":23,"column":14}},"loc":{"start":{"line":23,"column":27},"end":{"line":27,"column":1}},"line":23},"1":{"name":"(anonymous_1)","decl":{"start":{"line":30,"column":21},"end":{"line":30,"column":22}},"loc":{"start":{"line":30,"column":35},"end":{"line":33,"column":1}},"line":30},"2":{"name":"(anonymous_2)","decl":{"start":{"line":36,"column":22},"end":{"line":36,"column":23}},"loc":{"start":{"line":36,"column":36},"end":{"line":56,"column":1}},"line":36},"3":{"name":"(anonymous_3)","decl":{"start":{"line":59,"column":18},"end":{"line":59,"column":19}},"loc":{"start":{"line":59,"column":32},"end":{"line":61,"column":1}},"line":59},"4":{"name":"(anonymous_4)","decl":{"start":{"line":67,"column":19},"end":{"line":67,"column":20}},"loc":{"start":{"line":67,"column":33},"end":{"line":85,"column":1}},"line":67},"5":{"name":"(anonymous_5)","decl":{"start":{"line":87,"column":17},"end":{"line":87,"column":18}},"loc":{"start":{"line":87,"column":31},"end":{"line":90,"column":1}},"line":87},"6":{"name":"(anonymous_6)","decl":{"start":{"line":94,"column":32},"end":{"line":94,"column":33}},"loc":{"start":{"line":94,"column":46},"end":{"line":106,"column":1}},"line":94},"7":{"name":"(anonymous_7)","decl":{"start":{"line":109,"column":20},"end":{"line":109,"column":21}},"loc":{"start":{"line":109,"column":34},"end":{"line":121,"column":1}},"line":109},"8":{"name":"(anonymous_8)","decl":{"start":{"line":125,"column":32},"end":{"line":125,"column":33}},"loc":{"start":{"line":125,"column":38},"end":{"line":127,"column":1}},"line":125}},"branchMap":{"0":{"loc":{"start":{"line":38,"column":4},"end":{"line":41,"column":5}},"type":"if","locations":[{"start":{"line":38,"column":4},"end":{"line":41,"column":5}},{"start":{},"end":{}}],"line":38},"1":{"loc":{"start":{"line":38,"column":8},"end":{"line":38,"column":30}},"type":"binary-expr","locations":[{"start":{"line":38,"column":8},"end":{"line":38,"column":17}},{"start":{"line":38,"column":21},"end":{"line":38,"column":30}}],"line":38},"2":{"loc":{"start":{"line":45,"column":8},"end":{"line":48,"column":9}},"type":"if","locations":[{"start":{"line":45,"column":8},"end":{"line":48,"column":9}},{"start":{},"end":{}}],"line":45},"3":{"loc":{"start":{"line":69,"column":4},"end":{"line":72,"column":5}},"type":"if","locations":[{"start":{"line":69,"column":4},"end":{"line":72,"column":5}},{"start":{},"end":{}}],"line":69},"4":{"loc":{"start":{"line":69,"column":8},"end":{"line":69,"column":30}},"type":"binary-expr","locations":[{"start":{"line":69,"column":8},"end":{"line":69,"column":17}},{"start":{"line":69,"column":21},"end":{"line":69,"column":30}}],"line":69},"5":{"loc":{"start":{"line":77,"column":8},"end":{"line":79,"column":9}},"type":"if","locations":[{"start":{"line":77,"column":8},"end":{"line":79,"column":9}},{"start":{},"end":{}}],"line":77},"6":{"loc":{"start":{"line":77,"column":12},"end":{"line":77,"column":66}},"type":"binary-expr","locations":[{"start":{"line":77,"column":12},"end":{"line":77,"column":37}},{"start":{"line":77,"column":41},"end":{"line":77,"column":66}}],"line":77},"7":{"loc":{"start":{"line":98,"column":8},"end":{"line":101,"column":9}},"type":"if","locations":[{"start":{"line":98,"column":8},"end":{"line":101,"column":9}},{"start":{},"end":{}}],"line":98}},"s":{"0":1,"1":1,"2":1,"3":1,"4":1,"5":1,"6":1,"7":1,"8":1,"9":1,"10":1,"11":1,"12":0,"13":1,"14":0,"15":0,"16":1,"17":0,"18":0,"19":0,"20":0,"21":0,"22":0,"23":0,"24":0,"25":0,"26":0,"27":0,"28":1,"29":0,"30":1,"31":0,"32":0,"33":0,"34":0,"35":0,"36":0,"37":0,"38":0,"39":0,"40":1,"41":0,"42":0,"43":1,"44":0,"45":0,"46":0,"47":0,"48":0,"49":0,"50":1,"51":2,"52":2,"53":2,"54":2,"55":1,"56":1,"57":1,"58":1,"59":1,"60":1,"61":1},"f":{"0":0,"1":0,"2":0,"3":0,"4":0,"5":0,"6":0,"7":2,"8":1},"b":{"0":[0,0],"1":[0,0],"2":[0,0],"3":[0,0],"4":[0,0],"5":[0,0],"6":[0,0],"7":[0,0]},"_coverageSchema":"1a1c01bbd47fc00a2c39e90264f33305004495a9","hash":"be80f50bf3c5a9c5ac31708fc7e61abdaedd43e4"}
,"C:\\Users\\godai\\Documents\\GitHub\\Anemone\\src\\main\\server\\invoiceUpload.js": {"path":"C:\\Users\\godai\\Documents\\GitHub\\Anemone\\src\\main\\server\\invoiceUpload.js","statementMap":{"0":{"start":{"line":1,"column":11},"end":{"line":1,"column":24}},"1":{"start":{"line":4,"column":18},"end":{"line":4,"column":60}},"2":{"start":{"line":7,"column":21},"end":{"line":7,"column":47}},"3":{"start":{"line":9,"column":17},"end":{"line":9,"column":45}},"4":{"start":{"line":10,"column":4},"end":{"line":10,"column":16}},"5":{"start":{"line":13,"column":21},"end":{"line":13,"column":44}},"6":{"start":{"line":14,"column":4},"end":{"line":14,"column":42}},"7":{"start":{"line":18,"column":15},"end":{"line":18,"column":24}},"8":{"start":{"line":20,"column":4},"end":{"line":20,"column":14}},"9":{"start":{"line":22,"column":4},"end":{"line":22,"column":18}},"10":{"start":{"line":24,"column":4},"end":{"line":24,"column":11}},"11":{"start":{"line":30,"column":4},"end":{"line":52,"column":5}},"12":{"start":{"line":31,"column":21},"end":{"line":31,"column":37}},"13":{"start":{"line":32,"column":26},"end":{"line":32,"column":36}},"14":{"start":{"line":34,"column":25},"end":{"line":34,"column":34}},"15":{"start":{"line":37,"column":8},"end":{"line":40,"column":11}},"16":{"start":{"line":43,"column":8},"end":{"line":43,"column":37}},"17":{"start":{"line":45,"column":8},"end":{"line":45,"column":26}},"18":{"start":{"line":47,"column":8},"end":{"line":47,"column":25}},"19":{"start":{"line":51,"column":8},"end":{"line":51,"column":65}},"20":{"start":{"line":55,"column":0},"end":{"line":55,"column":39}}},"fnMap":{"0":{"name":"getData","decl":{"start":{"line":6,"column":9},"end":{"line":6,"column":16}},"loc":{"start":{"line":6,"column":19},"end":{"line":11,"column":1}},"line":6},"1":{"name":"setData","decl":{"start":{"line":12,"column":9},"end":{"line":12,"column":16}},"loc":{"start":{"line":12,"column":26},"end":{"line":15,"column":1}},"line":12},"2":{"name":"clear","decl":{"start":{"line":17,"column":9},"end":{"line":17,"column":14}},"loc":{"start":{"line":17,"column":17},"end":{"line":25,"column":1}},"line":17},"3":{"name":"uploadfile","decl":{"start":{"line":27,"column":9},"end":{"line":27,"column":19}},"loc":{"start":{"line":27,"column":26},"end":{"line":53,"column":1}},"line":27}},"branchMap":{},"s":{"0":1,"1":1,"2":3,"3":3,"4":3,"5":3,"6":3,"7":2,"8":2,"9":2,"10":2,"11":2,"12":2,"13":1,"14":1,"15":1,"16":1,"17":1,"18":1,"19":1,"20":1},"f":{"0":3,"1":3,"2":2,"3":2},"b":{},"_coverageSchema":"1a1c01bbd47fc00a2c39e90264f33305004495a9","hash":"ec3b6297dc05db6a2067be6ba7571618cd2cd69b"}
}
