TN:
SF:src\main\userHelpers.js
FN:1,checkUserDoesntExist
FN:11,checkUserInDataBase
FNF:2
FNH:2
FNDA:4,checkUserDoesntExist
FNDA:6,checkUserInDataBase
DA:2,4
DA:3,7
DA:4,1
DA:8,3
DA:12,6
DA:13,19
DA:14,2
DA:17,4
DA:20,2
LF:9
LH:9
BRDA:3,0,0,1
BRDA:3,0,1,6
BRDA:13,1,0,2
BRDA:13,1,1,17
BRDA:13,2,0,19
BRDA:13,2,1,4
BRF:6
BRH:6
end_of_record
TN:
SF:src\main\server\index.js
FN:25,(anonymous_0)
FN:32,(anonymous_1)
FN:39,(anonymous_2)
FN:58,(anonymous_3)
FN:63,(anonymous_4)
FN:80,(anonymous_5)
FN:95,(anonymous_6)
FN:103,(anonymous_7)
FNF:8
FNH:4
FNDA:0,(anonymous_0)
FNDA:0,(anonymous_1)
FNDA:5,(anonymous_2)
FNDA:0,(anonymous_3)
FNDA:6,(anonymous_4)
FNDA:3,(anonymous_5)
FNDA:0,(anonymous_6)
FNDA:2,(anonymous_7)
DA:2,2
DA:3,2
DA:4,2
DA:7,2
DA:9,2
DA:11,2
DA:12,2
DA:15,2
DA:16,2
DA:20,2
DA:21,2
DA:22,2
DA:25,2
DA:26,0
DA:32,2
DA:33,0
DA:34,0
DA:39,2
DA:40,5
DA:41,5
DA:42,1
DA:43,1
DA:47,4
DA:48,1
DA:49,1
DA:52,3
DA:54,3
DA:58,2
DA:59,0
DA:63,2
DA:64,6
DA:65,6
DA:66,0
DA:67,0
DA:71,6
DA:72,2
DA:73,2
DA:75,4
DA:76,4
DA:80,2
DA:81,3
DA:83,3
DA:84,9
DA:85,2
DA:86,2
DA:90,3
DA:95,2
DA:96,0
DA:97,0
DA:98,0
DA:102,2
DA:103,2
DA:104,2
DA:108,2
LF:54
LH:45
BRDA:41,0,0,1
BRDA:41,0,1,4
BRDA:41,1,0,5
BRDA:41,1,1,4
BRDA:47,2,0,1
BRDA:47,2,1,3
BRDA:65,3,0,0
BRDA:65,3,1,6
BRDA:65,4,0,6
BRDA:65,4,1,6
BRDA:71,5,0,2
BRDA:71,5,1,4
BRDA:84,6,0,2
BRDA:84,6,1,7
BRF:14
BRH:13
end_of_record
TN:
SF:src\main\server\invoiceUpload.js
FN:3,uploadfile
FNF:1
FNH:0
FNDA:0,uploadfile
DA:1,2
DA:6,0
DA:8,0
DA:9,0
DA:11,0
DA:13,0
DA:16,0
DA:19,2
LF:8
LH:2
BRF:0
BRH:0
end_of_record
