TN:
SF:src\main\server\index.js
FN:23,(anonymous_0)
FN:30,(anonymous_1)
FN:36,(anonymous_2)
FN:59,(anonymous_3)
FN:67,(anonymous_4)
FN:87,(anonymous_5)
FN:94,(anonymous_6)
FN:109,(anonymous_7)
FN:125,(anonymous_8)
FNF:9
FNH:2
FNDA:0,(anonymous_0)
FNDA:0,(anonymous_1)
FNDA:0,(anonymous_2)
FNDA:0,(anonymous_3)
FNDA:0,(anonymous_4)
FNDA:0,(anonymous_5)
FNDA:0,(anonymous_6)
FNDA:2,(anonymous_7)
FNDA:1,(anonymous_8)
DA:2,1
DA:3,1
DA:4,1
DA:6,1
DA:9,1
DA:11,1
DA:13,1
DA:14,1
DA:18,1
DA:19,1
DA:20,1
DA:23,1
DA:24,0
DA:30,1
DA:31,0
DA:32,0
DA:36,1
DA:37,0
DA:38,0
DA:39,0
DA:40,0
DA:44,0
DA:45,0
DA:46,0
DA:47,0
DA:51,0
DA:52,0
DA:55,0
DA:59,1
DA:60,0
DA:67,1
DA:68,0
DA:69,0
DA:70,0
DA:71,0
DA:76,0
DA:77,0
DA:78,0
DA:82,0
DA:84,0
DA:87,1
DA:88,0
DA:89,0
DA:94,1
DA:95,0
DA:97,0
DA:98,0
DA:99,0
DA:100,0
DA:104,0
DA:109,1
DA:110,2
DA:111,2
DA:113,2
DA:114,2
DA:115,1
DA:116,1
DA:119,1
DA:124,1
DA:125,1
DA:126,1
DA:130,1
LF:62
LH:30
BRDA:38,0,0,0
BRDA:38,0,1,0
BRDA:38,1,0,0
BRDA:38,1,1,0
BRDA:45,2,0,0
BRDA:45,2,1,0
BRDA:69,3,0,0
BRDA:69,3,1,0
BRDA:69,4,0,0
BRDA:69,4,1,0
BRDA:77,5,0,0
BRDA:77,5,1,0
BRDA:77,6,0,0
BRDA:77,6,1,0
BRDA:98,7,0,0
BRDA:98,7,1,0
BRF:16
BRH:0
end_of_record
TN:
SF:src\main\server\invoiceUpload.js
FN:6,getData
FN:12,setData
FN:17,clear
FN:27,uploadfile
FNF:4
FNH:4
FNDA:3,getData
FNDA:3,setData
FNDA:2,clear
FNDA:2,uploadfile
DA:1,1
DA:4,1
DA:7,3
DA:9,3
DA:10,3
DA:13,3
DA:14,3
DA:18,2
DA:20,2
DA:22,2
DA:24,2
DA:30,2
DA:31,2
DA:32,1
DA:34,1
DA:37,1
DA:43,1
DA:45,1
DA:47,1
DA:51,1
DA:55,1
LF:21
LH:21
BRF:0
BRH:0
end_of_record
